<?xml version="1.0" encoding="UTF-8"?>
<!-- Generated by org.testng.reporters.JUnitReportReporter -->
<testsuite hostname="DESKTOP-0A29C9K" failures="0" tests="5" name="AutomatedCalculator.CalculatorAutomate" time="66.743" errors="0" timestamp="22 Apr 2024 03:04:49 GMT" skipped="0">
  <testcase classname="AutomatedCalculator.CalculatorAutomate" name="Combination" time="20.005"/>
  <testcase classname="AutomatedCalculator.CalculatorAutomate" name="Addition" time="10.145"/>
  <testcase classname="AutomatedCalculator.CalculatorAutomate" name="Multiplication" time="10.187"/>
  <testcase classname="AutomatedCalculator.CalculatorAutomate" name="Division" time="16.181"/>
  <testcase classname="AutomatedCalculator.CalculatorAutomate" name="Subtraction" time="10.225"/>
</testsuite> <!-- AutomatedCalculator.CalculatorAutomate -->
